/opt/conda/lib/python3.11/site-packages/torch/cuda/__init__.py:61: FutureWarning: The pynvml package is deprecated. Please install nvidia-ml-py instead. If you did not install pynvml directly, please report this to the maintainers of the package that installed pynvml for you.
  import pynvml  # type: ignore[import]
[B2b] loading AV checkpoint 'kitft/nla-gemma3-12b-L32-av' on cuda (bf16)
Loading checkpoint shards:   0%|          | 0/5 [00:00<?, ?it/s]Loading checkpoint shards:  20%|██        | 1/5 [00:01<00:05,  1.46s/it]Loading checkpoint shards:  40%|████      | 2/5 [00:02<00:04,  1.38s/it]Loading checkpoint shards:  60%|██████    | 3/5 [00:04<00:02,  1.35s/it]Loading checkpoint shards:  80%|████████  | 4/5 [00:05<00:01,  1.34s/it]Loading checkpoint shards: 100%|██████████| 5/5 [00:06<00:00,  1.23s/it]Loading checkpoint shards: 100%|██████████| 5/5 [00:06<00:00,  1.29s/it]
The attention mask is not set and cannot be inferred from input because pad token is same as eos token. As a consequence, you may observe unexpected behavior. Please pass your input's `attention_mask` to obtain reliable results.
  d_model=3840, inj_scale=80000.0, inj_char='㈜' (tok 246566)
  embed_scale=61.9677 (gemma=True)
  canonical prompt has 108 tokens; injection slot @ idx 93
  base_embeds dtype=torch.bfloat16 shape=(1, 108, 3840)
[B2b] reading activations from results/nlaB_L32_activations.parquet
  420 records to process
  [30/420] 7.0 min, 0.07 rec/s, ETA 91.5 min
  [60/420] 14.1 min, 0.07 rec/s, ETA 84.6 min
  [90/420] 21.2 min, 0.07 rec/s, ETA 77.7 min
  [120/420] 28.2 min, 0.07 rec/s, ETA 70.6 min
  [150/420] 35.3 min, 0.07 rec/s, ETA 63.5 min
  [180/420] 42.3 min, 0.07 rec/s, ETA 56.5 min
  [210/420] 49.4 min, 0.07 rec/s, ETA 49.4 min
  [240/420] 56.4 min, 0.07 rec/s, ETA 42.3 min
  [270/420] 63.4 min, 0.07 rec/s, ETA 35.2 min
  [300/420] 70.5 min, 0.07 rec/s, ETA 28.2 min
  [330/420] 77.5 min, 0.07 rec/s, ETA 21.1 min
  [360/420] 84.6 min, 0.07 rec/s, ETA 14.1 min
  [390/420] 91.7 min, 0.07 rec/s, ETA 7.1 min
  [420/420] 98.7 min, 0.07 rec/s, ETA 0.0 min

[B2b] writing to results/nlaB_descriptions.json
[B2b] DONE. 420 records, elapsed 98.7 min.
